{"/home/francisco/Documentos/DEV/PERN/rest_api_node_ts_server/src/router.ts": {"path":"/home/francisco/Documentos/DEV/PERN/rest_api_node_ts_server/src/router.ts","statementMap":{"0":{"start":{"line":1,"column":0},"end":{"line":1,"column":32}},"1":{"start":{"line":2,"column":0},"end":{"line":2,"column":47}},"2":{"start":{"line":3,"column":0},"end":{"line":3,"column":null}},"3":{"start":{"line":11,"column":0},"end":{"line":11,"column":48}},"4":{"start":{"line":13,"column":15},"end":{"line":13,"column":23}},"5":{"start":{"line":16,"column":0},"end":{"line":16,"column":null}},"6":{"start":{"line":17,"column":0},"end":{"line":22,"column":null}},"7":{"start":{"line":24,"column":0},"end":{"line":38,"column":null}},"8":{"start":{"line":34,"column":23},"end":{"line":34,"column":32}},"9":{"start":{"line":40,"column":0},"end":{"line":56,"column":null}},"10":{"start":{"line":51,"column":23},"end":{"line":51,"column":32}},"11":{"start":{"line":58,"column":0},"end":{"line":63,"column":null}},"12":{"start":{"line":65,"column":0},"end":{"line":70,"column":null}},"13":{"start":{"line":72,"column":0},"end":{"line":72,"column":null}}},"fnMap":{"0":{"name":"(anonymous_0)","decl":{"start":{"line":34,"column":12},"end":{"line":34,"column":13}},"loc":{"start":{"line":34,"column":23},"end":{"line":34,"column":32}}},"1":{"name":"(anonymous_1)","decl":{"start":{"line":51,"column":12},"end":{"line":51,"column":13}},"loc":{"start":{"line":51,"column":23},"end":{"line":51,"column":32}}}},"branchMap":{},"s":{"0":2,"1":2,"2":2,"3":2,"4":2,"5":2,"6":2,"7":2,"8":4,"9":2,"10":5,"11":2,"12":2,"13":2},"f":{"0":4,"1":5},"b":{}}
,"/home/francisco/Documentos/DEV/PERN/rest_api_node_ts_server/src/server.ts": {"path":"/home/francisco/Documentos/DEV/PERN/rest_api_node_ts_server/src/server.ts","statementMap":{"0":{"start":{"line":1,"column":0},"end":{"line":1,"column":29}},"1":{"start":{"line":2,"column":0},"end":{"line":2,"column":29}},"2":{"start":{"line":3,"column":0},"end":{"line":3,"column":28}},"3":{"start":{"line":4,"column":0},"end":{"line":4,"column":27}},"4":{"start":{"line":8,"column":2},"end":{"line":15,"column":3}},"5":{"start":{"line":9,"column":4},"end":{"line":9,"column":null}},"6":{"start":{"line":10,"column":4},"end":{"line":10,"column":null}},"7":{"start":{"line":14,"column":4},"end":{"line":14,"column":null}},"8":{"start":{"line":18,"column":0},"end":{"line":18,"column":null}},"9":{"start":{"line":21,"column":15},"end":{"line":21,"column":24}},"10":{"start":{"line":24,"column":0},"end":{"line":24,"column":null}},"11":{"start":{"line":27,"column":0},"end":{"line":27,"column":null}},"12":{"start":{"line":29,"column":0},"end":{"line":31,"column":null}},"13":{"start":{"line":30,"column":2},"end":{"line":30,"column":null}},"14":{"start":{"line":34,"column":0},"end":{"line":34,"column":null}}},"fnMap":{"0":{"name":"connectDB","decl":{"start":{"line":7,"column":15},"end":{"line":7,"column":24}},"loc":{"start":{"line":7,"column":24},"end":{"line":16,"column":1}}},"1":{"name":"(anonymous_2)","decl":{"start":{"line":29,"column":19},"end":{"line":29,"column":20}},"loc":{"start":{"line":29,"column":32},"end":{"line":31,"column":1}}}},"branchMap":{},"s":{"0":2,"1":2,"2":2,"3":2,"4":2,"5":2,"6":1,"7":0,"8":2,"9":2,"10":2,"11":2,"12":2,"13":1,"14":2},"f":{"0":2,"1":1},"b":{}}
,"/home/francisco/Documentos/DEV/PERN/rest_api_node_ts_server/src/config/db.ts": {"path":"/home/francisco/Documentos/DEV/PERN/rest_api_node_ts_server/src/config/db.ts","statementMap":{"0":{"start":{"line":1,"column":0},"end":{"line":1,"column":48}},"1":{"start":{"line":2,"column":0},"end":{"line":2,"column":27}},"2":{"start":{"line":6,"column":0},"end":{"line":6,"column":null}},"3":{"start":{"line":14,"column":11},"end":{"line":17,"column":2}},"4":{"start":{"line":19,"column":0},"end":{"line":19,"column":null}}},"fnMap":{},"branchMap":{},"s":{"0":2,"1":2,"2":2,"3":2,"4":2},"f":{},"b":{}}
,"/home/francisco/Documentos/DEV/PERN/rest_api_node_ts_server/src/handlers/products.ts": {"path":"/home/francisco/Documentos/DEV/PERN/rest_api_node_ts_server/src/handlers/products.ts","statementMap":{"0":{"start":{"line":2,"column":0},"end":{"line":2,"column":46}},"1":{"start":{"line":4,"column":27},"end":{"line":10,"column":1}},"2":{"start":{"line":5,"column":19},"end":{"line":8,"column":4}},"3":{"start":{"line":9,"column":2},"end":{"line":9,"column":null}},"4":{"start":{"line":4,"column":13},"end":{"line":4,"column":27}},"5":{"start":{"line":12,"column":31},"end":{"line":21,"column":1}},"6":{"start":{"line":13,"column":17},"end":{"line":13,"column":27}},"7":{"start":{"line":14,"column":18},"end":{"line":14,"column":44}},"8":{"start":{"line":15,"column":2},"end":{"line":18,"column":3}},"9":{"start":{"line":16,"column":4},"end":{"line":16,"column":null}},"10":{"start":{"line":17,"column":4},"end":{"line":17,"column":10}},"11":{"start":{"line":20,"column":2},"end":{"line":20,"column":null}},"12":{"start":{"line":12,"column":13},"end":{"line":12,"column":31}},"13":{"start":{"line":23,"column":29},"end":{"line":26,"column":1}},"14":{"start":{"line":24,"column":18},"end":{"line":24,"column":48}},"15":{"start":{"line":25,"column":2},"end":{"line":25,"column":null}},"16":{"start":{"line":23,"column":13},"end":{"line":23,"column":29}},"17":{"start":{"line":28,"column":29},"end":{"line":41,"column":1}},"18":{"start":{"line":30,"column":17},"end":{"line":30,"column":27}},"19":{"start":{"line":31,"column":18},"end":{"line":31,"column":44}},"20":{"start":{"line":32,"column":2},"end":{"line":35,"column":3}},"21":{"start":{"line":33,"column":4},"end":{"line":33,"column":null}},"22":{"start":{"line":34,"column":4},"end":{"line":34,"column":10}},"23":{"start":{"line":36,"column":2},"end":{"line":36,"column":null}},"24":{"start":{"line":39,"column":2},"end":{"line":39,"column":null}},"25":{"start":{"line":40,"column":2},"end":{"line":40,"column":null}},"26":{"start":{"line":28,"column":13},"end":{"line":28,"column":29}},"27":{"start":{"line":43,"column":34},"end":{"line":56,"column":1}},"28":{"start":{"line":45,"column":17},"end":{"line":45,"column":27}},"29":{"start":{"line":46,"column":18},"end":{"line":46,"column":44}},"30":{"start":{"line":47,"column":2},"end":{"line":50,"column":3}},"31":{"start":{"line":48,"column":4},"end":{"line":48,"column":null}},"32":{"start":{"line":49,"column":4},"end":{"line":49,"column":10}},"33":{"start":{"line":53,"column":2},"end":{"line":53,"column":null}},"34":{"start":{"line":54,"column":2},"end":{"line":54,"column":null}},"35":{"start":{"line":55,"column":2},"end":{"line":55,"column":null}},"36":{"start":{"line":43,"column":13},"end":{"line":43,"column":34}},"37":{"start":{"line":58,"column":29},"end":{"line":69,"column":1}},"38":{"start":{"line":60,"column":17},"end":{"line":60,"column":27}},"39":{"start":{"line":61,"column":18},"end":{"line":61,"column":44}},"40":{"start":{"line":62,"column":2},"end":{"line":65,"column":3}},"41":{"start":{"line":63,"column":4},"end":{"line":63,"column":null}},"42":{"start":{"line":64,"column":4},"end":{"line":64,"column":10}},"43":{"start":{"line":67,"column":2},"end":{"line":67,"column":null}},"44":{"start":{"line":68,"column":2},"end":{"line":68,"column":null}},"45":{"start":{"line":58,"column":13},"end":{"line":58,"column":29}}},"fnMap":{"0":{"name":"(anonymous_1)","decl":{"start":{"line":4,"column":27},"end":{"line":4,"column":32}},"loc":{"start":{"line":4,"column":65},"end":{"line":10,"column":1}}},"1":{"name":"(anonymous_2)","decl":{"start":{"line":12,"column":31},"end":{"line":12,"column":36}},"loc":{"start":{"line":12,"column":69},"end":{"line":21,"column":1}}},"2":{"name":"(anonymous_3)","decl":{"start":{"line":23,"column":29},"end":{"line":23,"column":34}},"loc":{"start":{"line":23,"column":67},"end":{"line":26,"column":1}}},"3":{"name":"(anonymous_4)","decl":{"start":{"line":28,"column":29},"end":{"line":28,"column":34}},"loc":{"start":{"line":28,"column":67},"end":{"line":41,"column":1}}},"4":{"name":"(anonymous_5)","decl":{"start":{"line":43,"column":34},"end":{"line":43,"column":39}},"loc":{"start":{"line":43,"column":72},"end":{"line":56,"column":1}}},"5":{"name":"(anonymous_6)","decl":{"start":{"line":58,"column":29},"end":{"line":58,"column":34}},"loc":{"start":{"line":58,"column":67},"end":{"line":69,"column":1}}}},"branchMap":{"0":{"loc":{"start":{"line":15,"column":2},"end":{"line":18,"column":3}},"type":"if","locations":[{"start":{"line":15,"column":2},"end":{"line":18,"column":3}}]},"1":{"loc":{"start":{"line":32,"column":2},"end":{"line":35,"column":3}},"type":"if","locations":[{"start":{"line":32,"column":2},"end":{"line":35,"column":3}}]},"2":{"loc":{"start":{"line":47,"column":2},"end":{"line":50,"column":3}},"type":"if","locations":[{"start":{"line":47,"column":2},"end":{"line":50,"column":3}}]},"3":{"loc":{"start":{"line":62,"column":2},"end":{"line":65,"column":3}},"type":"if","locations":[{"start":{"line":62,"column":2},"end":{"line":65,"column":3}}]}},"s":{"0":2,"1":2,"2":2,"3":2,"4":2,"5":2,"6":2,"7":2,"8":2,"9":1,"10":1,"11":1,"12":2,"13":2,"14":1,"15":1,"16":2,"17":2,"18":2,"19":2,"20":2,"21":1,"22":1,"23":1,"24":1,"25":1,"26":2,"27":2,"28":2,"29":2,"30":2,"31":1,"32":1,"33":1,"34":1,"35":1,"36":2,"37":2,"38":2,"39":2,"40":2,"41":1,"42":1,"43":1,"44":1,"45":2},"f":{"0":2,"1":2,"2":1,"3":2,"4":2,"5":2},"b":{"0":[1],"1":[1],"2":[1],"3":[1]}}
,"/home/francisco/Documentos/DEV/PERN/rest_api_node_ts_server/src/middleware/index.ts": {"path":"/home/francisco/Documentos/DEV/PERN/rest_api_node_ts_server/src/middleware/index.ts","statementMap":{"0":{"start":{"line":2,"column":0},"end":{"line":2,"column":52}},"1":{"start":{"line":4,"column":33},"end":{"line":15,"column":1}},"2":{"start":{"line":9,"column":17},"end":{"line":9,"column":38}},"3":{"start":{"line":10,"column":2},"end":{"line":13,"column":3}},"4":{"start":{"line":11,"column":4},"end":{"line":11,"column":null}},"5":{"start":{"line":12,"column":4},"end":{"line":12,"column":10}},"6":{"start":{"line":14,"column":2},"end":{"line":14,"column":null}},"7":{"start":{"line":4,"column":13},"end":{"line":4,"column":33}}},"fnMap":{"0":{"name":"(anonymous_0)","decl":{"start":{"line":4,"column":33},"end":{"line":4,"column":null}},"loc":{"start":{"line":8,"column":4},"end":{"line":15,"column":1}}}},"branchMap":{"0":{"loc":{"start":{"line":10,"column":2},"end":{"line":13,"column":3}},"type":"if","locations":[{"start":{"line":10,"column":2},"end":{"line":13,"column":3}}]}},"s":{"0":2,"1":2,"2":17,"3":17,"4":8,"5":8,"6":9,"7":2},"f":{"0":17},"b":{"0":[8]}}
,"/home/francisco/Documentos/DEV/PERN/rest_api_node_ts_server/src/models/Products.model.ts": {"path":"/home/francisco/Documentos/DEV/PERN/rest_api_node_ts_server/src/models/Products.model.ts","statementMap":{"0":{"start":{"line":1,"column":0},"end":{"line":1,"column":78}},"1":{"start":{"line":6,"column":0},"end":{"line":22,"column":null}},"2":{"start":{"line":10,"column":10},"end":{"line":10,"column":null}},"3":{"start":{"line":15,"column":10},"end":{"line":15,"column":null}},"4":{"start":{"line":21,"column":10},"end":{"line":21,"column":null}},"5":{"start":{"line":6,"column":6},"end":{"line":22,"column":null}},"6":{"start":{"line":24,"column":0},"end":{"line":24,"column":null}}},"fnMap":{},"branchMap":{},"s":{"0":2,"1":2,"2":2,"3":2,"4":2,"5":2,"6":2},"f":{},"b":{}}
}
