TN:
SF:src/router.ts
FN:34,(anonymous_0)
FN:51,(anonymous_1)
FNF:2
FNH:2
FNDA:4,(anonymous_0)
FNDA:5,(anonymous_1)
DA:1,2
DA:2,2
DA:3,2
DA:11,2
DA:13,2
DA:16,2
DA:17,2
DA:24,2
DA:34,4
DA:40,2
DA:51,5
DA:58,2
DA:65,2
DA:72,2
LF:14
LH:14
BRF:0
BRH:0
end_of_record
TN:
SF:src/server.ts
FN:7,connectDB
FN:29,(anonymous_2)
FNF:2
FNH:2
FNDA:2,connectDB
FNDA:1,(anonymous_2)
DA:1,2
DA:2,2
DA:3,2
DA:4,2
DA:8,2
DA:9,2
DA:10,1
DA:14,0
DA:18,2
DA:21,2
DA:24,2
DA:27,2
DA:29,2
DA:30,1
DA:34,2
LF:15
LH:14
BRF:0
BRH:0
end_of_record
TN:
SF:src/config/db.ts
FNF:0
FNH:0
DA:1,2
DA:2,2
DA:6,2
DA:14,2
DA:19,2
LF:5
LH:5
BRF:0
BRH:0
end_of_record
TN:
SF:src/handlers/products.ts
FN:4,(anonymous_1)
FN:12,(anonymous_2)
FN:23,(anonymous_3)
FN:28,(anonymous_4)
FN:43,(anonymous_5)
FN:58,(anonymous_6)
FNF:6
FNH:6
FNDA:2,(anonymous_1)
FNDA:2,(anonymous_2)
FNDA:1,(anonymous_3)
FNDA:2,(anonymous_4)
FNDA:2,(anonymous_5)
FNDA:2,(anonymous_6)
DA:2,2
DA:4,2
DA:5,2
DA:9,2
DA:12,2
DA:13,2
DA:14,2
DA:15,2
DA:16,1
DA:17,1
DA:20,1
DA:23,2
DA:24,1
DA:25,1
DA:28,2
DA:30,2
DA:31,2
DA:32,2
DA:33,1
DA:34,1
DA:36,1
DA:39,1
DA:40,1
DA:43,2
DA:45,2
DA:46,2
DA:47,2
DA:48,1
DA:49,1
DA:53,1
DA:54,1
DA:55,1
DA:58,2
DA:60,2
DA:61,2
DA:62,2
DA:63,1
DA:64,1
DA:67,1
DA:68,1
LF:40
LH:40
BRDA:15,0,0,1
BRDA:32,1,0,1
BRDA:47,2,0,1
BRDA:62,3,0,1
BRF:4
BRH:4
end_of_record
TN:
SF:src/middleware/index.ts
FN:4,(anonymous_0)
FNF:1
FNH:1
FNDA:17,(anonymous_0)
DA:2,2
DA:4,2
DA:9,17
DA:10,17
DA:11,8
DA:12,8
DA:14,9
LF:7
LH:7
BRDA:10,0,0,8
BRF:1
BRH:1
end_of_record
TN:
SF:src/models/Products.model.ts
FNF:0
FNH:0
DA:1,2
DA:6,2
DA:10,2
DA:15,2
DA:21,2
DA:24,2
LF:6
LH:6
BRF:0
BRH:0
end_of_record
